04/28/23 14:34:21 [15584][1][FATAL] Executing repair query:  Query Failed: ALTER TABLE c_donhang   add COLUMN madh varchar(255)  NULL: MySQL error 1060: Duplicate column name 'madh'
04/29/23 10:30:51 [15584][1][FATAL]  Query Failed: SELECT masp FROM c_sanpham WHERE field_name LIKE 'SP%' ORDER BY masp DESC LIMIT 1: MySQL error 1054: Unknown column 'field_name' in 'where clause'
04/29/23 10:31:49 [15584][1][FATAL]  Query Failed: SELECT masp FROM c_sanpham WHERE field_name LIKE 'SP%' ORDER BY masp DESC LIMIT 1: MySQL error 1054: Unknown column 'field_name' in 'where clause'
04/29/23 11:58:40 [15584][1][FATAL] contact_link for contact_donhang failed to load

04/29/23 11:59:59 [15584][1][FATAL] contact_link for contact_donhang failed to load

04/29/23 12:01:07 [15584][1][FATAL] contact_link for contact_donhang failed to load

04/29/23 12:04:21 [15584][1][FATAL] contact_link for contact_donhang failed to load

04/29/23 12:06:13 [15584][1][FATAL] contact_link for contact_donhang failed to load

04/29/23 12:13:32 [15584][1][FATAL] contact_link for contact_donhang failed to load

04/29/23 12:16:51 [15584][1][FATAL] contact_link for contact_donhang failed to load

04/29/23 12:38:45 [15584][1][FATAL] contact_link for contact_donhang failed to load

04/29/23 21:54:17 [15584][1][FATAL] contact_link for contact_donhang failed to load

04/29/23 22:21:10 [15584][1][FATAL] contact_link for contact_donhang failed to load

04/29/23 22:23:44 [15584][1][FATAL] contact_link for contact_donhang failed to load

04/29/23 22:24:35 [15584][1][FATAL] contact_link for contact_donhang failed to load

04/29/23 22:24:54 [15584][1][FATAL] contact_link for contact_donhang failed to load

04/29/23 22:25:12 [15584][1][FATAL] contact_link for contact_donhang failed to load

04/29/23 22:25:16 [15584][1][FATAL] contact_link for contact_donhang failed to load

04/29/23 22:25:16 [15584][1][FATAL]  Query Failed:  SELECT  c_donhang.id , c_donhang.name , c_donhang.giatri , c_donhang.assigned_user_id  FROM c_donhang  where c_donhang.deleted=0 ORDER BY contact_name ASC LIMIT 0,21: MySQL error 1054: Unknown column 'contact_name' in 'order clause'
04/29/23 22:25:18 [15584][1][FATAL] contact_link for contact_donhang failed to load

04/29/23 22:25:18 [15584][1][FATAL]  Query Failed:  SELECT  c_donhang.id , c_donhang.name , c_donhang.giatri , c_donhang.assigned_user_id  FROM c_donhang  where c_donhang.deleted=0 ORDER BY contact_name DESC LIMIT 0,21: MySQL error 1054: Unknown column 'contact_name' in 'order clause'
04/29/23 22:25:20 [15584][1][FATAL] contact_link for contact_donhang failed to load

04/29/23 22:25:20 [15584][1][FATAL]  Query Failed:  SELECT  c_donhang.id , c_donhang.name , c_donhang.giatri , c_donhang.assigned_user_id  FROM c_donhang  where c_donhang.deleted=0 ORDER BY contact_name ASC LIMIT 0,21: MySQL error 1054: Unknown column 'contact_name' in 'order clause'
04/29/23 22:25:22 [15584][1][FATAL] contact_link for contact_donhang failed to load

04/29/23 22:26:23 [15584][1][FATAL] contact_link for contact_donhang failed to load

04/29/23 22:27:41 [15584][1][FATAL] contact_link for contact_donhang failed to load

04/29/23 22:28:47 [15584][1][FATAL] contact_link for contact_donhang failed to load

04/29/23 22:30:52 [15584][1][FATAL] contact_link for contact_donhang failed to load

04/29/23 23:30:35 [5528][1][FATAL] project_resource for projects_contacts_resources failed to load

04/29/23 23:30:35 [5528][1][FATAL] error loading relationship project_resource
04/29/23 23:46:50 [5528][1][FATAL] contact_link for contact_donhang failed to load

04/30/23 01:07:28 [5528][1][FATAL] contact_link for contact_donhang failed to load

04/30/23 15:35:53 [5528][1][FATAL] contact_link for contact_donhang failed to load

04/30/23 15:37:07 [5528][1][FATAL] contact_link for contact_donhang failed to load

04/30/23 15:37:12 [5528][1][FATAL] contact_link for contact_donhang failed to load

04/30/23 15:37:12 [5528][1][FATAL] error loading relationship contact_link
04/30/23 15:37:12 [5528][1][FATAL] contact_link for contact_donhang failed to load

04/30/23 15:37:12 [5528][1][FATAL] error loading relationship contact_link
04/30/23 15:37:13 [5528][1][FATAL] contact_link for contact_donhang failed to load

04/30/23 15:37:39 [5528][1][FATAL] contact_link for contact_donhang failed to load

04/30/23 15:38:14 [5528][1][FATAL] contact_link for contact_donhang failed to load

04/30/23 15:39:07 [5528][1][FATAL] contact_link for contact_donhang failed to load

04/30/23 15:39:36 [5528][1][FATAL] contact_link for contact_donhang failed to load

04/30/23 15:55:25 [5528][1][FATAL] contact_link for contact_donhang failed to load

04/30/23 17:57:21 [5528][1][FATAL] contact_link for contact_donhang failed to load

04/30/23 17:58:17 [5528][1][FATAL] contact_link for contact_donhang failed to load

04/30/23 18:03:54 [5528][1][FATAL] contact_link for contact_donhang failed to load

04/30/23 18:04:46 [5528][1][FATAL] contact_link for contact_donhang failed to load

04/30/23 18:11:10 [5528][1][FATAL] contact_link for contact_donhang failed to load

04/30/23 18:12:06 [5528][1][FATAL] contact_link for contact_donhang failed to load

04/30/23 18:16:31 [5528][1][FATAL] contact_link for contact_donhang failed to load

04/30/23 18:48:35 [5528][1][FATAL] contact_link for contact_donhang failed to load

04/30/23 18:48:49 [5528][1][FATAL] contact_link for contact_donhang failed to load

04/30/23 18:49:28 [5528][1][FATAL] contact_link for contact_donhang failed to load

04/30/23 18:49:43 [5528][1][FATAL] contact_link for contact_donhang failed to load

04/30/23 18:49:43 [5528][1][FATAL] error loading relationship contact_link
04/30/23 18:49:43 [5528][1][FATAL] contact_link for contact_donhang failed to load

04/30/23 18:49:43 [5528][1][FATAL] error loading relationship contact_link
04/30/23 18:49:43 [5528][1][FATAL] contact_link for contact_donhang failed to load

04/30/23 18:51:46 [5528][1][FATAL] contact_link for contact_donhang failed to load

04/30/23 18:52:04 [5528][1][FATAL] contact_link for contact_donhang failed to load

04/30/23 18:52:54 [5528][1][FATAL] contact_link for contact_donhang failed to load

04/30/23 18:53:01 [5528][1][FATAL] contact_link for contact_donhang failed to load

04/30/23 18:53:04 [5528][1][FATAL] contact_link for contact_donhang failed to load

04/30/23 21:17:54 [5528][1][FATAL] contact_link for contact_donhang failed to load

04/30/23 21:18:05 [5528][1][FATAL] contact_link for contact_donhang failed to load

04/30/23 21:18:12 [5528][1][FATAL] contact_link for contact_donhang failed to load

04/30/23 21:22:38 [5528][1][FATAL] contact_link for contact_donhang failed to load

04/30/23 21:23:08 [5528][1][FATAL] contact_link for contact_donhang failed to load

04/30/23 21:27:15 [5528][1][FATAL] contact_link for contact_donhang failed to load

04/30/23 21:27:19 [5528][1][FATAL] contact_link for contact_donhang failed to load

04/30/23 21:27:19 [5528][1][FATAL]  Query Failed:  SELECT  c_donhang.id ,c_donhang_cstm.ngaytaodon_c, c_donhang.name , c_donhang.giatri  , LTRIM(RTRIM(CONCAT(IFNULL(jt0.first_name,''),' ',IFNULL(jt0.last_name,'')))) created_by_name , jt0.created_by created_by_name_owner  , 'Users' created_by_name_mod, c_donhang.assigned_user_id  FROM c_donhang  LEFT JOIN c_donhang_cstm ON c_donhang.id = c_donhang_cstm.id_c   LEFT JOIN  users jt0 ON c_donhang.created_by=jt0.id AND jt0.deleted=0

 AND jt0.deleted=0 where c_donhang.deleted=0 ORDER BY contact_name ASC LIMIT 0,21: MySQL error 1054: Unknown column 'contact_name' in 'order clause'
04/30/23 21:27:23 [5528][1][FATAL] contact_link for contact_donhang failed to load

04/30/23 21:27:23 [5528][1][FATAL]  Query Failed:  SELECT  c_donhang.id ,c_donhang_cstm.ngaytaodon_c, c_donhang.name , c_donhang.giatri  , LTRIM(RTRIM(CONCAT(IFNULL(jt0.first_name,''),' ',IFNULL(jt0.last_name,'')))) created_by_name , jt0.created_by created_by_name_owner  , 'Users' created_by_name_mod, c_donhang.assigned_user_id  FROM c_donhang  LEFT JOIN c_donhang_cstm ON c_donhang.id = c_donhang_cstm.id_c   LEFT JOIN  users jt0 ON c_donhang.created_by=jt0.id AND jt0.deleted=0

 AND jt0.deleted=0 where c_donhang.deleted=0 ORDER BY contact_name ASC LIMIT 0,21: MySQL error 1054: Unknown column 'contact_name' in 'order clause'
04/30/23 21:27:32 [5528][1][FATAL] contact_link for contact_donhang failed to load

04/30/23 21:27:32 [5528][1][FATAL]  Query Failed:  SELECT  c_donhang.id ,c_donhang_cstm.ngaytaodon_c, c_donhang.name , c_donhang.giatri  , LTRIM(RTRIM(CONCAT(IFNULL(jt0.first_name,''),' ',IFNULL(jt0.last_name,'')))) created_by_name , jt0.created_by created_by_name_owner  , 'Users' created_by_name_mod, c_donhang.assigned_user_id  FROM c_donhang  LEFT JOIN c_donhang_cstm ON c_donhang.id = c_donhang_cstm.id_c   LEFT JOIN  users jt0 ON c_donhang.created_by=jt0.id AND jt0.deleted=0

 AND jt0.deleted=0 where c_donhang.deleted=0 ORDER BY contact_name ASC LIMIT 0,21: MySQL error 1054: Unknown column 'contact_name' in 'order clause'
04/30/23 21:28:24 [5528][1][FATAL] contact_link for contact_donhang failed to load

04/30/23 21:28:24 [5528][1][FATAL]  Query Failed:  SELECT  c_donhang.id ,c_donhang_cstm.ngaytaodon_c, c_donhang.name , c_donhang.giatri  , LTRIM(RTRIM(CONCAT(IFNULL(jt0.first_name,''),' ',IFNULL(jt0.last_name,'')))) created_by_name , jt0.created_by created_by_name_owner  , 'Users' created_by_name_mod, c_donhang.assigned_user_id  FROM c_donhang  LEFT JOIN c_donhang_cstm ON c_donhang.id = c_donhang_cstm.id_c   LEFT JOIN  users jt0 ON c_donhang.created_by=jt0.id AND jt0.deleted=0

 AND jt0.deleted=0 where c_donhang.deleted=0 ORDER BY contact_name ASC LIMIT 0,21: MySQL error 1054: Unknown column 'contact_name' in 'order clause'
04/30/23 21:30:00 [5528][1][FATAL] contact_link for contact_donhang failed to load

04/30/23 21:30:00 [5528][1][FATAL]  Query Failed:  SELECT  c_donhang.id ,c_donhang_cstm.ngaytaodon_c, c_donhang.name , c_donhang.giatri  , LTRIM(RTRIM(CONCAT(IFNULL(jt0.first_name,''),' ',IFNULL(jt0.last_name,'')))) created_by_name , jt0.created_by created_by_name_owner  , 'Users' created_by_name_mod, c_donhang.assigned_user_id  FROM c_donhang  LEFT JOIN c_donhang_cstm ON c_donhang.id = c_donhang_cstm.id_c   LEFT JOIN  users jt0 ON c_donhang.created_by=jt0.id AND jt0.deleted=0

 AND jt0.deleted=0 where c_donhang.deleted=0 ORDER BY contact_name ASC LIMIT 0,21: MySQL error 1054: Unknown column 'contact_name' in 'order clause'
04/30/23 21:30:34 [5528][1][FATAL] contact_link for contact_donhang failed to load

04/30/23 21:30:34 [5528][1][FATAL]  Query Failed:  SELECT  c_donhang.id ,c_donhang_cstm.ngaytaodon_c, c_donhang.name , c_donhang.giatri  , LTRIM(RTRIM(CONCAT(IFNULL(jt0.first_name,''),' ',IFNULL(jt0.last_name,'')))) created_by_name , jt0.created_by created_by_name_owner  , 'Users' created_by_name_mod, c_donhang.assigned_user_id  FROM c_donhang  LEFT JOIN c_donhang_cstm ON c_donhang.id = c_donhang_cstm.id_c   LEFT JOIN  users jt0 ON c_donhang.created_by=jt0.id AND jt0.deleted=0

 AND jt0.deleted=0 where c_donhang.deleted=0 ORDER BY contact_name ASC LIMIT 0,21: MySQL error 1054: Unknown column 'contact_name' in 'order clause'
04/30/23 21:32:58 [1644][1][FATAL] contact_link for contact_donhang failed to load

04/30/23 21:32:58 [1644][1][FATAL]  Query Failed:  SELECT  c_donhang.id ,c_donhang_cstm.ngaytaodon_c, c_donhang.name , c_donhang.giatri  , LTRIM(RTRIM(CONCAT(IFNULL(jt0.first_name,''),' ',IFNULL(jt0.last_name,'')))) created_by_name , jt0.created_by created_by_name_owner  , 'Users' created_by_name_mod, c_donhang.assigned_user_id  FROM c_donhang  LEFT JOIN c_donhang_cstm ON c_donhang.id = c_donhang_cstm.id_c   LEFT JOIN  users jt0 ON c_donhang.created_by=jt0.id AND jt0.deleted=0

 AND jt0.deleted=0 where c_donhang.deleted=0 ORDER BY contact_name ASC LIMIT 0,21: MySQL error 1054: Unknown column 'contact_name' in 'order clause'
04/30/23 21:33:19 [1644][1][FATAL] contact_link for contact_donhang failed to load

04/30/23 21:33:19 [1644][1][FATAL]  Query Failed:  SELECT  c_donhang.id ,c_donhang_cstm.ngaytaodon_c, c_donhang.name , c_donhang.giatri  , LTRIM(RTRIM(CONCAT(IFNULL(jt0.first_name,''),' ',IFNULL(jt0.last_name,'')))) created_by_name , jt0.created_by created_by_name_owner  , 'Users' created_by_name_mod, c_donhang.assigned_user_id  FROM c_donhang  LEFT JOIN c_donhang_cstm ON c_donhang.id = c_donhang_cstm.id_c   LEFT JOIN  users jt0 ON c_donhang.created_by=jt0.id AND jt0.deleted=0

 AND jt0.deleted=0 where c_donhang.deleted=0 ORDER BY contact_name ASC LIMIT 0,21: MySQL error 1054: Unknown column 'contact_name' in 'order clause'
04/30/23 21:33:44 [1644][1][FATAL] contact_link for contact_donhang failed to load

04/30/23 21:33:44 [1644][1][FATAL]  Query Failed:  SELECT  c_donhang.id ,c_donhang_cstm.ngaytaodon_c, c_donhang.name , c_donhang.giatri  , LTRIM(RTRIM(CONCAT(IFNULL(jt0.first_name,''),' ',IFNULL(jt0.last_name,'')))) created_by_name , jt0.created_by created_by_name_owner  , 'Users' created_by_name_mod, c_donhang.assigned_user_id  FROM c_donhang  LEFT JOIN c_donhang_cstm ON c_donhang.id = c_donhang_cstm.id_c   LEFT JOIN  users jt0 ON c_donhang.created_by=jt0.id AND jt0.deleted=0

 AND jt0.deleted=0 where c_donhang.deleted=0 ORDER BY contact_name ASC LIMIT 0,21: MySQL error 1054: Unknown column 'contact_name' in 'order clause'
04/30/23 21:35:22 [1644][1][FATAL] contact_link for contact_donhang failed to load

04/30/23 21:37:57 [1644][1][FATAL] contact_link for contact_donhang failed to load

04/30/23 21:47:18 [1644][1][FATAL] contact_link for contact_donhang failed to load

04/30/23 21:48:02 [1644][1][FATAL] contact_link for contact_donhang failed to load

04/30/23 21:48:39 [1644][1][FATAL] contact_link for contact_donhang failed to load

04/30/23 21:49:25 [1644][1][FATAL] contact_link for contact_donhang failed to load

04/30/23 21:50:58 [1644][1][FATAL] contact_link for contact_donhang failed to load

04/30/23 21:51:46 [1644][1][FATAL] contact_link for contact_donhang failed to load

04/30/23 22:11:39 [1644][1][FATAL] contact_link for contact_donhang failed to load

04/30/23 22:12:22 [1644][1][FATAL] contact_link for contact_donhang failed to load

04/30/23 22:13:10 [1644][1][FATAL] contact_link for contact_donhang failed to load

04/30/23 22:13:14 [1644][1][FATAL] contact_link for contact_donhang failed to load

04/30/23 22:15:25 [1644][1][FATAL] contact_link for contact_donhang failed to load

04/30/23 22:15:30 [1644][1][FATAL] contact_link for contact_donhang failed to load

04/30/23 22:17:46 [1644][1][FATAL] contact_link for contact_donhang failed to load

04/30/23 22:17:51 [1644][1][FATAL] contact_link for contact_donhang failed to load

04/30/23 22:19:19 [1644][1][FATAL] contact_link for contact_donhang failed to load

04/30/23 22:19:24 [1644][1][FATAL] contact_link for contact_donhang failed to load

04/30/23 22:20:26 [1644][1][FATAL] contact_link for contact_donhang failed to load

04/30/23 22:22:34 [1644][1][FATAL] contact_link for contact_donhang failed to load

04/30/23 22:23:56 [1644][1][FATAL] contact_link for contact_donhang failed to load

04/30/23 22:24:46 [1644][1][FATAL] contact_link for contact_donhang failed to load

04/30/23 23:30:34 [1644][1][FATAL] contact_link for contact_donhang failed to load

04/30/23 23:35:37 [1644][1][FATAL] contact_link for contact_donhang failed to load

04/30/23 23:38:48 [1644][1][FATAL] contact_link for contact_donhang failed to load

04/30/23 23:40:19 [1644][1][FATAL] contact_link for contact_donhang failed to load

04/30/23 23:48:07 [1644][1][FATAL] contact_link for contact_donhang failed to load

04/30/23 23:52:31 [1644][1][FATAL] contact_link for contact_donhang failed to load

05/01/23 00:05:15 [1644][1][FATAL] contact_link for contact_donhang failed to load

05/01/23 00:07:47 [1644][1][FATAL] contact_link for contact_donhang failed to load

05/01/23 00:25:33 [1644][1][FATAL] contact_link for contact_donhang failed to load

05/01/23 00:25:52 [1644][1][FATAL] contact_link for contact_donhang failed to load

05/01/23 00:38:23 [1644][1][FATAL] contact_link for contact_donhang failed to load

05/01/23 00:42:39 [1644][1][FATAL] contact_link for contact_donhang failed to load

05/01/23 00:51:23 [1644][1][FATAL] contact_link for contact_donhang failed to load

05/01/23 00:59:13 [1644][1][FATAL] contact_link for contact_donhang failed to load

05/01/23 07:22:46 [1644][1][FATAL] contact_link for contact_donhang failed to load

05/01/23 16:31:14 [1644][1][FATAL] contact_link for contact_donhang failed to load

05/01/23 16:32:01 [1644][1][FATAL] contact_link for contact_donhang failed to load

05/01/23 19:45:00 [1644][1][FATAL] contact_link for contact_donhang failed to load

05/02/23 08:20:38 [5052][1][FATAL] contact_link for contact_donhang failed to load

05/02/23 09:18:30 [5052][1][FATAL] contact_link for contact_donhang failed to load

05/02/23 09:20:34 [5052][1][FATAL] contact_link for contact_donhang failed to load

05/02/23 09:38:32 [5052][1][FATAL] contact_link for contact_donhang failed to load

05/02/23 09:48:26 [5052][1][FATAL] contact_link for contact_donhang failed to load

05/02/23 13:36:06 [5052][1][FATAL] contact_link for contact_donhang failed to load

05/02/23 13:36:59 [5052][1][FATAL] contact_link for contact_donhang failed to load

05/02/23 13:38:06 [5052][1][FATAL] contact_link for contact_donhang failed to load

05/02/23 13:38:14 [5052][1][FATAL] contact_link for contact_donhang failed to load

05/02/23 13:38:14 [5052][1][FATAL] error loading relationship contact_link
05/02/23 13:38:14 [5052][1][FATAL] contact_link for contact_donhang failed to load

05/02/23 13:38:14 [5052][1][FATAL] error loading relationship contact_link
05/02/23 13:38:14 [5052][1][FATAL] contact_link for contact_donhang failed to load

05/02/23 13:38:14 [5052][1][FATAL] error loading relationship contact_link
05/02/23 13:38:14 [5052][1][FATAL] contact_link for contact_donhang failed to load

05/02/23 13:38:14 [5052][1][FATAL] error loading relationship contact_link
05/02/23 13:38:14 [5052][1][FATAL] contact_link for contact_donhang failed to load

05/02/23 13:38:14 [5052][1][FATAL] error loading relationship contact_link
05/02/23 13:38:14 [5052][1][FATAL] contact_link for contact_donhang failed to load

05/02/23 13:38:14 [5052][1][FATAL] error loading relationship contact_link
05/02/23 13:38:14 [5052][1][FATAL] contact_link for contact_donhang failed to load

05/02/23 13:38:14 [5052][1][FATAL] error loading relationship contact_link
05/02/23 13:38:14 [5052][1][FATAL] contact_link for contact_donhang failed to load

05/02/23 13:38:16 [5052][1][FATAL] contact_link for contact_donhang failed to load

05/02/23 13:41:50 [5052][1][FATAL] contact_link for contact_donhang failed to load

05/02/23 13:48:01 [5052][1][FATAL] contact_link for contact_donhang failed to load

05/02/23 13:48:06 [5052][1][FATAL] contact_link for contact_donhang failed to load

05/02/23 13:48:06 [5052][1][FATAL] error loading relationship contact_link
05/02/23 13:48:06 [5052][1][FATAL] contact_link for contact_donhang failed to load

05/02/23 13:48:06 [5052][1][FATAL] error loading relationship contact_link
05/02/23 13:48:06 [5052][1][FATAL] contact_link for contact_donhang failed to load

05/02/23 13:48:27 [5052][1][FATAL] contact_link for contact_donhang failed to load

05/02/23 13:53:16 [5052][1][FATAL] contact_link for contact_donhang failed to load

05/02/23 14:00:07 [5052][1][FATAL] contact_link for contact_donhang failed to load

05/02/23 14:00:11 [5052][1][FATAL] contact_link for contact_donhang failed to load

05/02/23 14:00:11 [5052][1][FATAL] error loading relationship contact_link
05/02/23 14:00:11 [5052][1][FATAL] contact_link for contact_donhang failed to load

05/02/23 14:00:11 [5052][1][FATAL] error loading relationship contact_link
05/02/23 14:00:12 [5052][1][FATAL] contact_link for contact_donhang failed to load

05/02/23 14:03:50 [5052][1][FATAL] contact_link for contact_donhang failed to load

05/02/23 14:03:54 [5052][1][FATAL] contact_link for contact_donhang failed to load

05/02/23 14:03:54 [5052][1][FATAL] error loading relationship contact_link
05/02/23 14:03:55 [5052][1][FATAL] contact_link for contact_donhang failed to load

05/02/23 14:07:31 [5052][1][FATAL] contact_link for contact_donhang failed to load

05/02/23 14:08:34 [5052][1][FATAL] contact_link for contact_donhang failed to load

05/02/23 14:49:52 [5052][1][FATAL] contact_link for contact_donhang failed to load

05/02/23 14:51:53 [5052][1][FATAL] contact_link for contact_donhang failed to load

05/02/23 14:58:22 [5052][1][FATAL] contact_link for contact_donhang failed to load

05/02/23 16:29:51 [5052][1][FATAL] contact_link for contact_donhang failed to load

05/02/23 16:40:41 [5052][1][FATAL] contact_link for contact_donhang failed to load

05/02/23 16:42:12 [5052][1][FATAL] contact_link for contact_donhang failed to load

05/02/23 16:42:18 [5052][1][FATAL] contact_link for contact_donhang failed to load

05/02/23 16:42:18 [5052][1][FATAL] error loading relationship contact_link
05/02/23 16:42:19 [5052][1][FATAL] contact_link for contact_donhang failed to load

05/02/23 16:46:16 [5052][1][FATAL] contact_link for contact_donhang failed to load

05/02/23 16:46:20 [5052][1][FATAL] contact_link for contact_donhang failed to load

05/02/23 16:46:20 [5052][1][FATAL] error loading relationship contact_link
05/02/23 16:46:20 [5052][1][FATAL] contact_link for contact_donhang failed to load

05/02/23 16:46:20 [5052][1][FATAL] error loading relationship contact_link
05/02/23 16:46:21 [5052][1][FATAL] contact_link for contact_donhang failed to load

05/02/23 19:33:36 [5052][1][FATAL] contact_link for contact_donhang failed to load

05/02/23 19:33:44 [5052][1][FATAL] contact_link for contact_donhang failed to load

05/02/23 19:34:48 [5052][1][FATAL] contact_link for contact_donhang failed to load

05/02/23 19:34:57 [5052][1][FATAL] contact_link for contact_donhang failed to load

05/02/23 21:12:35 [5052][1][FATAL] contact_link for contact_donhang failed to load

05/03/23 08:08:36 [5052][1][FATAL] contact_link for contact_donhang failed to load

05/03/23 16:47:49 [5052][1][FATAL] contact_link for contact_donhang failed to load

05/03/23 16:48:19 [5052][1][FATAL] contact_link for contact_donhang failed to load

05/03/23 16:48:57 [5052][1][FATAL] contact_link for contact_donhang failed to load

05/03/23 16:52:44 [5052][1][FATAL] contact_link for contact_donhang failed to load

05/03/23 17:18:58 [5052][1][FATAL] contact_link for contact_donhang failed to load

05/03/23 17:19:04 [5052][1][FATAL] contact_link for contact_donhang failed to load

05/03/23 17:27:06 [5052][1][FATAL] contact_link for contact_donhang failed to load

05/03/23 17:27:59 [5052][1][FATAL] contact_link for contact_donhang failed to load

05/03/23 17:29:03 [5052][1][FATAL] contact_link for contact_donhang failed to load

05/03/23 17:31:04 [5052][1][FATAL] contact_link for contact_donhang failed to load

05/03/23 17:31:10 [5052][1][FATAL] contact_link for contact_donhang failed to load

05/03/23 17:32:06 [5052][1][FATAL] contact_link for contact_donhang failed to load

05/03/23 17:32:37 [5052][1][FATAL] contact_link for contact_donhang failed to load

05/03/23 17:32:50 [5052][1][FATAL] contact_link for contact_donhang failed to load

05/03/23 19:57:21 [5052][1][FATAL] contact_link for contact_donhang failed to load

05/03/23 19:59:51 [5052][1][FATAL] contact_link for contact_donhang failed to load

05/04/23 20:02:31 [5052][1][FATAL] contact_link for contact_donhang failed to load

05/04/23 20:02:35 [5052][1][FATAL]  Query Failed: Select c_sanpham.id as masanpham, c_sanpham.name as tensanpham, c_sanpham.gia as giasanpham, soluong,
            from c_donhang
            inner join c_chitietdh on c_donhang.id = c_chitietdh.donhang_id
            inner join c_sanpham on c_sanpham.id=c_chitietdh.sanpham_id
            where c_donhang.deleted=0 and c_chitietdh.deleted=0 and c_sanpham.deleted=0 and c_donhang.id='13467e97-8b5a-c067-a9cd-64525a7a8823': MySQL error 1064: You have an error in your SQL syntax; check the manual that corresponds to your MySQL server version for the right syntax to use near 'from c_donhang
            inner join c_chitietdh on c_donhang.id = c_chitietdh' at line 2
05/04/23 20:03:50 [5052][1][FATAL]  Query Failed: Select c_sanpham.id as masanpham, c_sanpham.name as tensanpham, c_sanpham.gia as giasanpham, soluong,
            from c_donhang
            inner join c_chitietdh on c_donhang.id = c_chitietdh.donhang_id
            inner join c_sanpham on c_sanpham.id=c_chitietdh.sanpham_id
            where c_donhang.deleted=0 and c_chitietdh.deleted=0 and c_sanpham.deleted=0 and c_donhang.id='13467e97-8b5a-c067-a9cd-64525a7a8823': MySQL error 1064: You have an error in your SQL syntax; check the manual that corresponds to your MySQL server version for the right syntax to use near 'from c_donhang
            inner join c_chitietdh on c_donhang.id = c_chitietdh' at line 2
05/04/23 20:04:19 [5052][1][FATAL]  Query Failed: Select c_sanpham.id as masanpham, c_sanpham.name as tensanpham, c_sanpham.gia as giasanpham, soluong,
            from c_donhang
            inner join c_chitietdh on c_donhang.id = c_chitietdh.donhang_id
            inner join c_sanpham on c_sanpham.id=c_chitietdh.sanpham_id
            where c_donhang.deleted=0 and c_chitietdh.deleted=0 and c_sanpham.deleted=0 and c_donhang.id='13467e97-8b5a-c067-a9cd-64525a7a8823': MySQL error 1064: You have an error in your SQL syntax; check the manual that corresponds to your MySQL server version for the right syntax to use near 'from c_donhang
            inner join c_chitietdh on c_donhang.id = c_chitietdh' at line 2
05/04/23 20:04:59 [5052][1][FATAL]  Query Failed: Select c_sanpham.id as masanpham, c_sanpham.name as tensanpham, c_sanpham.gia as giasanpham, soluong,
            from c_donhang
            inner join c_chitietdh on c_donhang.id = c_chitietdh.donhang_id
            inner join c_sanpham on c_sanpham.id=c_chitietdh.sanpham_id
            where c_donhang.deleted=0 and c_chitietdh.deleted=0 and c_sanpham.deleted=0 and c_donhang.id='13467e97-8b5a-c067-a9cd-64525a7a8823': MySQL error 1064: You have an error in your SQL syntax; check the manual that corresponds to your MySQL server version for the right syntax to use near 'from c_donhang
            inner join c_chitietdh on c_donhang.id = c_chitietdh' at line 2
05/04/23 20:05:23 [5052][1][FATAL]  Query Failed: Select c_sanpham.id as masanpham, c_sanpham.name as tensanpham, c_sanpham.gia as giasanpham, soluong,
            from c_donhang
            inner join c_chitietdh on c_donhang.id = c_chitietdh.donhang_id
            inner join c_sanpham on c_sanpham.id=c_chitietdh.sanpham_id
            where c_donhang.deleted=0 and c_chitietdh.deleted=0 and c_sanpham.deleted=0 and c_donhang.id='13467e97-8b5a-c067-a9cd-64525a7a8823': MySQL error 1064: You have an error in your SQL syntax; check the manual that corresponds to your MySQL server version for the right syntax to use near 'from c_donhang
            inner join c_chitietdh on c_donhang.id = c_chitietdh' at line 2
05/04/23 20:06:04 [5052][1][FATAL] contact_link for contact_donhang failed to load

05/04/23 20:06:07 [5052][1][FATAL]  Query Failed: Select c_sanpham.id as masanpham, c_sanpham.name as tensanpham, c_sanpham.gia as giasanpham, soluong,
            from c_donhang
            inner join c_chitietdh on c_donhang.id = c_chitietdh.donhang_id
            inner join c_sanpham on c_sanpham.id=c_chitietdh.sanpham_id
            where c_donhang.deleted=0 and c_chitietdh.deleted=0 and c_sanpham.deleted=0 and c_donhang.id='13467e97-8b5a-c067-a9cd-64525a7a8823': MySQL error 1064: You have an error in your SQL syntax; check the manual that corresponds to your MySQL server version for the right syntax to use near 'from c_donhang
            inner join c_chitietdh on c_donhang.id = c_chitietdh' at line 2
05/04/23 20:08:08 [5052][1][FATAL]  Query Failed: Select c_sanpham.id as masanpham, c_sanpham.name as tensanpham, c_sanpham.gia as giasanpham, soluong,
            from c_donhang
            inner join c_chitietdh on c_donhang.id = c_chitietdh.donhang_id
            inner join c_sanpham on c_sanpham.id=c_chitietdh.sanpham_id
            where c_donhang.deleted=0 and c_chitietdh.deleted=0 and c_sanpham.deleted=0 and c_donhang.id='13467e97-8b5a-c067-a9cd-64525a7a8823': MySQL error 1064: You have an error in your SQL syntax; check the manual that corresponds to your MySQL server version for the right syntax to use near 'from c_donhang
            inner join c_chitietdh on c_donhang.id = c_chitietdh' at line 2
05/04/23 20:08:37 [5052][1][FATAL]  Query Failed: Select c_sanpham.id as masanpham, c_sanpham.name as tensanpham, c_sanpham.gia as giasanpham, soluong,
            from c_donhang
            inner join c_chitietdh on c_donhang.id = c_chitietdh.donhang_id
            inner join c_sanpham on c_sanpham.id=c_chitietdh.sanpham_id
            where c_donhang.deleted=0 and c_chitietdh.deleted=0 and c_sanpham.deleted=0 and c_donhang.id='13467e97-8b5a-c067-a9cd-64525a7a8823': MySQL error 1064: You have an error in your SQL syntax; check the manual that corresponds to your MySQL server version for the right syntax to use near 'from c_donhang
            inner join c_chitietdh on c_donhang.id = c_chitietdh' at line 2
05/04/23 20:47:11 [5052][1][FATAL] contact_link for contact_donhang failed to load

05/04/23 20:48:11 [5052][1][FATAL] contact_link for contact_donhang failed to load

05/04/23 21:37:09 [5052][1][FATAL] contact_link for contact_donhang failed to load

05/04/23 21:38:42 [5052][1][FATAL] contact_link for contact_donhang failed to load

05/04/23 21:47:48 [5052][1][FATAL] contact_link for contact_donhang failed to load

05/04/23 21:48:00 [5052][1][FATAL] contact_link for contact_donhang failed to load

05/04/23 21:48:17 [5052][1][FATAL] contact_link for contact_donhang failed to load

05/04/23 21:49:16 [5052][1][FATAL] contact_link for contact_donhang failed to load

05/04/23 21:49:22 [5052][1][FATAL] contact_link for contact_donhang failed to load

05/04/23 21:51:15 [5052][1][FATAL] contact_link for contact_donhang failed to load

05/04/23 21:51:20 [5052][1][FATAL] contact_link for contact_donhang failed to load

05/04/23 21:51:33 [5052][1][FATAL] contact_link for contact_donhang failed to load

05/04/23 21:52:37 [5052][1][FATAL] contact_link for contact_donhang failed to load

05/04/23 21:52:42 [5052][1][FATAL] contact_link for contact_donhang failed to load

05/04/23 21:52:57 [5052][1][FATAL] contact_link for contact_donhang failed to load

05/04/23 21:54:02 [5052][1][FATAL] contact_link for contact_donhang failed to load

05/04/23 21:54:24 [5052][1][FATAL] contact_link for contact_donhang failed to load

05/04/23 21:59:13 [5052][1][FATAL] contact_link for contact_donhang failed to load

05/04/23 22:55:50 [5052][1][FATAL] contact_link for contact_donhang failed to load

05/04/23 22:58:02 [5052][1][FATAL] contact_link for contact_donhang failed to load

05/04/23 22:58:08 [5052][1][FATAL] contact_link for contact_donhang failed to load

05/04/23 23:18:17 [5052][1][FATAL] contact_link for contact_donhang failed to load

05/04/23 23:18:26 [5052][1][FATAL] contact_link for contact_donhang failed to load

05/04/23 23:36:50 [5052][1][FATAL] contact_link for contact_donhang failed to load

05/04/23 23:40:12 [5052][1][FATAL] contact_link for contact_donhang failed to load

05/04/23 23:57:41 [5052][1][FATAL] contact_link for contact_donhang failed to load

05/06/23 08:59:33 [5052][1][FATAL] contact_link for contact_donhang failed to load

05/06/23 08:59:49 [5052][1][FATAL] contact_link for contact_donhang failed to load

05/06/23 09:10:02 [5052][1][FATAL] Executing repair query:  Query Failed: ALTER TABLE c_donhang   add COLUMN discount int(3)  NULL: MySQL error 1060: Duplicate column name 'discount'
05/06/23 09:48:51 [5052][1][FATAL] contact_link for contact_donhang failed to load

05/06/23 09:58:10 [5052][1][FATAL] contact_link for contact_donhang failed to load

05/06/23 10:10:23 [5052][1][FATAL] contact_link for contact_donhang failed to load

05/06/23 10:25:30 [5052][1][FATAL] contact_link for contact_donhang failed to load

05/06/23 15:22:00 [5052][1][FATAL] contact_link for contact_donhang failed to load

05/06/23 15:30:23 [5052][1][FATAL] contact_link for contact_donhang failed to load

05/06/23 15:30:36 [5052][1][FATAL] contact_link for contact_donhang failed to load

05/06/23 15:35:01 [5052][1][FATAL] contact_link for contact_donhang failed to load

05/06/23 15:36:05 [5052][1][FATAL] contact_link for contact_donhang failed to load

05/06/23 15:36:56 [5052][1][FATAL] contact_link for contact_donhang failed to load

05/06/23 15:37:48 [5052][1][FATAL] contact_link for contact_donhang failed to load

05/06/23 15:38:00 [5052][1][FATAL] contact_link for contact_donhang failed to load

05/06/23 16:04:18 [5052][1][FATAL] contact_link for contact_donhang failed to load

05/06/23 16:06:44 [5052][1][FATAL] contact_link for contact_donhang failed to load

05/06/23 16:30:25 [5052][1][FATAL] contact_link for contact_donhang failed to load

05/06/23 16:31:45 [5052][1][FATAL] contact_link for contact_donhang failed to load

05/06/23 16:54:44 [5052][1][FATAL] contact_link for contact_donhang failed to load

05/06/23 17:04:51 [5052][1][FATAL] contact_link for contact_donhang failed to load

05/06/23 20:15:07 [5052][1][FATAL] contact_link for contact_donhang failed to load

05/06/23 20:36:58 [5052][1][FATAL] contact_link for contact_donhang failed to load

05/06/23 22:14:44 [5052][1][FATAL] contact_link for contact_donhang failed to load

05/06/23 22:45:17 [5052][1][FATAL] contact_link for contact_donhang failed to load

05/06/23 23:07:54 [5052][1][FATAL] contact_link for contact_donhang failed to load

05/06/23 23:13:53 [5052][1][FATAL] contact_link for contact_donhang failed to load

05/06/23 23:15:48 [5052][1][FATAL] contact_link for contact_donhang failed to load

05/06/23 23:20:00 [5052][1][FATAL] contact_link for contact_donhang failed to load

05/06/23 23:37:21 [5052][1][FATAL] contact_link for contact_donhang failed to load

05/06/23 23:42:21 [5052][1][FATAL] contact_link for contact_donhang failed to load

05/06/23 23:42:25 [5052][1][FATAL] contact_link for contact_donhang failed to load

05/06/23 23:58:44 [5052][1][FATAL] contact_link for contact_donhang failed to load

05/06/23 23:59:09 [5052][1][FATAL] contact_link for contact_donhang failed to load

05/06/23 23:59:16 [5052][1][FATAL] contact_link for contact_donhang failed to load

05/06/23 23:59:16 [5052][1][FATAL] contact_link for contact_donhang failed to load

05/06/23 23:59:18 [5052][1][FATAL] contact_link for contact_donhang failed to load

05/07/23 00:07:17 [5052][1][FATAL] contact_link for contact_donhang failed to load

05/07/23 00:07:59 [5052][1][FATAL] contact_link for contact_donhang failed to load

05/07/23 00:08:48 [5052][1][FATAL] contact_link for contact_donhang failed to load

05/07/23 00:08:48 [5052][1][FATAL] contact_link for contact_donhang failed to load

05/07/23 00:08:51 [5052][1][FATAL] contact_link for contact_donhang failed to load

05/07/23 00:09:39 [5052][1][FATAL] contact_link for contact_donhang failed to load

05/07/23 00:09:50 [5052][1][FATAL] contact_link for contact_donhang failed to load

05/07/23 00:09:50 [5052][1][FATAL] contact_link for contact_donhang failed to load

05/07/23 00:09:53 [5052][1][FATAL] contact_link for contact_donhang failed to load

05/07/23 00:14:32 [5052][1][FATAL] contact_link for contact_donhang failed to load

05/07/23 00:15:06 [5052][1][FATAL] contact_link for contact_donhang failed to load

05/07/23 00:15:07 [5052][1][FATAL] contact_link for contact_donhang failed to load

05/07/23 00:15:54 [5052][1][FATAL] contact_link for contact_donhang failed to load

05/07/23 00:16:38 [5052][1][FATAL] contact_link for contact_donhang failed to load

05/07/23 00:16:55 [5052][1][FATAL] contact_link for contact_donhang failed to load

05/07/23 00:17:12 [5052][1][FATAL] contact_link for contact_donhang failed to load

05/07/23 00:17:12 [5052][1][FATAL] contact_link for contact_donhang failed to load

05/07/23 00:17:15 [5052][1][FATAL] contact_link for contact_donhang failed to load

05/07/23 00:19:15 [5052][1][FATAL] contact_link for contact_donhang failed to load

05/07/23 00:19:15 [5052][1][FATAL] contact_link for contact_donhang failed to load

05/07/23 00:19:15 [5052][1][FATAL] contact_link for contact_donhang failed to load

05/07/23 00:19:21 [5052][1][FATAL] contact_link for contact_donhang failed to load

05/07/23 00:19:30 [5052][1][FATAL] contact_link for contact_donhang failed to load

05/07/23 00:19:30 [5052][1][FATAL] error loading relationship contact_link
05/07/23 00:19:30 [5052][1][FATAL] contact_link for contact_donhang failed to load

05/07/23 00:19:30 [5052][1][FATAL] error loading relationship contact_link
05/07/23 00:19:30 [5052][1][FATAL] contact_link for contact_donhang failed to load

05/07/23 00:19:30 [5052][1][FATAL] error loading relationship contact_link
05/07/23 00:19:30 [5052][1][FATAL] contact_link for contact_donhang failed to load

05/07/23 00:19:30 [5052][1][FATAL] contact_link for contact_donhang failed to load

05/07/23 00:19:30 [5052][1][FATAL] error loading relationship contact_link
05/07/23 00:19:30 [5052][1][FATAL] contact_link for contact_donhang failed to load

05/07/23 00:19:30 [5052][1][FATAL] error loading relationship contact_link
05/07/23 00:19:30 [5052][1][FATAL] contact_link for contact_donhang failed to load

05/07/23 00:19:30 [5052][1][FATAL] error loading relationship contact_link
05/07/23 00:19:30 [5052][1][FATAL] contact_link for contact_donhang failed to load

05/07/23 00:19:30 [5052][1][FATAL] error loading relationship contact_link
05/07/23 00:19:30 [5052][1][FATAL] contact_link for contact_donhang failed to load

05/07/23 00:22:12 [5052][1][FATAL] contact_link for contact_donhang failed to load

05/07/23 00:23:02 [5052][1][FATAL] contact_link for contact_donhang failed to load

05/07/23 00:25:39 [5052][1][FATAL] contact_link for contact_donhang failed to load

05/07/23 00:39:47 [5052][1][FATAL] contact_link for contact_donhang failed to load

05/07/23 00:41:02 [5052][1][FATAL] contact_link for contact_donhang failed to load

05/07/23 00:43:39 [5052][1][FATAL] contact_link for contact_donhang failed to load

05/07/23 00:43:46 [5052][1][FATAL] contact_link for contact_donhang failed to load

05/07/23 00:43:46 [5052][1][FATAL] error loading relationship contact_link
05/07/23 00:43:46 [5052][1][FATAL] contact_link for contact_donhang failed to load

05/07/23 00:44:13 [5052][1][FATAL] contact_link for contact_donhang failed to load

05/07/23 00:44:14 [5052][1][FATAL] contact_link for contact_donhang failed to load

05/07/23 00:45:58 [5052][1][FATAL] contact_link for contact_donhang failed to load

05/07/23 00:48:16 [5052][1][FATAL] contact_link for contact_donhang failed to load

05/07/23 00:52:28 [5052][1][FATAL] contact_link for contact_donhang failed to load

05/07/23 00:52:48 [5052][1][FATAL] contact_link for contact_donhang failed to load

05/07/23 00:52:50 [5052][1][FATAL] contact_link for contact_donhang failed to load

05/07/23 00:53:07 [5052][1][FATAL] contact_link for contact_donhang failed to load

05/07/23 00:53:24 [5052][1][FATAL] contact_link for contact_donhang failed to load

05/07/23 00:53:25 [5052][1][FATAL] contact_link for contact_donhang failed to load

05/07/23 00:56:21 [5052][1][FATAL] contact_link for contact_donhang failed to load

05/07/23 00:56:38 [5052][1][FATAL] contact_link for contact_donhang failed to load

05/07/23 00:56:40 [5052][1][FATAL] contact_link for contact_donhang failed to load

05/07/23 00:56:52 [5052][1][FATAL] contact_link for contact_donhang failed to load

05/07/23 00:56:52 [5052][1][FATAL] contact_link for contact_donhang failed to load

05/07/23 00:56:53 [5052][1][FATAL] contact_link for contact_donhang failed to load

05/07/23 00:57:20 [5052][1][FATAL] contact_link for contact_donhang failed to load

05/07/23 00:57:53 [5052][1][FATAL] contact_link for contact_donhang failed to load

05/07/23 00:57:54 [5052][1][FATAL] contact_link for contact_donhang failed to load

05/07/23 01:06:56 [5052][1][FATAL] contact_link for contact_donhang failed to load

05/07/23 01:07:31 [5052][1][FATAL] contact_link for contact_donhang failed to load

05/07/23 01:07:33 [5052][1][FATAL] contact_link for contact_donhang failed to load

05/07/23 01:09:11 [5052][1][FATAL] contact_link for contact_donhang failed to load

05/07/23 09:08:29 [5052][1][FATAL] contact_link for contact_donhang failed to load

05/07/23 09:08:41 [5052][1][FATAL] contact_link for contact_donhang failed to load

05/07/23 09:08:55 [5052][1][FATAL] contact_link for contact_donhang failed to load

05/07/23 09:08:58 [5052][1][FATAL] contact_link for contact_donhang failed to load

05/07/23 09:09:28 [5052][1][FATAL] contact_link for contact_donhang failed to load

05/07/23 09:09:28 [5052][1][FATAL] contact_link for contact_donhang failed to load

05/07/23 09:09:30 [5052][1][FATAL] contact_link for contact_donhang failed to load

05/07/23 11:43:12 [5052][1][FATAL] contact_link for contact_donhang failed to load

05/07/23 11:43:16 [5052][1][FATAL] contact_link for contact_donhang failed to load

05/07/23 11:43:19 [5052][1][FATAL] contact_link for contact_donhang failed to load

05/07/23 15:32:36 [5052][1][FATAL] contact_link for contact_donhang failed to load

05/07/23 15:32:42 [5052][1][FATAL] contact_link for contact_donhang failed to load

05/07/23 15:34:18 [5052][1][FATAL] contact_link for contact_donhang failed to load

05/07/23 15:36:30 [5052][1][FATAL] contact_link for contact_donhang failed to load

05/07/23 17:14:28 [5052][1][FATAL] contact_link for contact_donhang failed to load

05/07/23 17:14:32 [5052][1][FATAL] contact_link for contact_donhang failed to load

05/07/23 17:15:48 [5052][1][FATAL] contact_link for contact_donhang failed to load

05/07/23 17:15:57 [5052][1][FATAL] contact_link for contact_donhang failed to load

05/07/23 17:23:27 [5052][1][FATAL] contact_link for contact_donhang failed to load

05/07/23 17:23:37 [5052][1][FATAL] contact_link for contact_donhang failed to load

05/07/23 17:26:37 [5052][1][FATAL] contact_link for contact_donhang failed to load

05/07/23 17:26:55 [5052][1][FATAL] contact_link for contact_donhang failed to load

05/07/23 17:48:06 [5052][1][FATAL]  Query Failed:  SELECT  c_sanpham.id , c_sanpham.name , c_sanpham.masp , c_sanpham.gia  , C_NhaCungCap.name nhacc_name , C_NhaCungCap.assigned_user_id nhacc_name_owner  , 'C_NhaCungCap' nhacc_name_mod, c_sanpham.assigned_user_id  FROM c_sanpham   LEFT JOIN  c_nhacungcap C_NhaCungCap ON c_sanpham.sanpham_id=C_NhaCungCap.id AND C_NhaCungCap.deleted=0

 AND C_NhaCungCap.deleted=0 where c_sanpham.deleted=0 ORDER BY c_sanpham.date_entered DESC LIMIT 0,21: MySQL error 1054: Unknown column 'c_sanpham.sanpham_id' in 'on clause'
05/07/23 17:48:39 [5052][1][FATAL]  Query Failed:  SELECT  c_sanpham.id , c_sanpham.name , c_sanpham.masp , c_sanpham.gia  , C_NhaCungCap.name nhacc_name , C_NhaCungCap.assigned_user_id nhacc_name_owner  , 'C_NhaCungCap' nhacc_name_mod, c_sanpham.assigned_user_id  FROM c_sanpham   LEFT JOIN  c_nhacungcap C_NhaCungCap ON c_sanpham.sanpham_id=C_NhaCungCap.id AND C_NhaCungCap.deleted=0

 AND C_NhaCungCap.deleted=0 where c_sanpham.deleted=0 ORDER BY c_sanpham.date_entered DESC LIMIT 0,21: MySQL error 1054: Unknown column 'c_sanpham.sanpham_id' in 'on clause'
05/07/23 19:37:02 [5052][1][FATAL] contact_link for contact_donhang failed to load

05/07/23 19:58:46 [5052][1][FATAL] contact_link for contact_donhang failed to load

05/07/23 20:02:19 [5052][1][FATAL] contact_link for contact_donhang failed to load

05/07/23 20:11:18 [5052][1][FATAL] contact_link for contact_donhang failed to load

05/07/23 20:16:17 [5052][1][FATAL] contact_link for contact_donhang failed to load

05/07/23 21:09:52 [5052][1][FATAL]  Query Failed:  SELECT  c_sanpham.id , c_sanpham.name , c_sanpham.masp , c_sanpham.gia  , C_NhaCungCap.name nhacc_name , C_NhaCungCap.assigned_user_id nhacc_name_owner  , 'C_NhaCungCap' nhacc_name_mod, c_sanpham.assigned_user_id  FROM c_sanpham   LEFT JOIN  c_nhacungcap C_NhaCungCap ON c_sanpham.sanpham_id=C_NhaCungCap.id AND C_NhaCungCap.deleted=0

 AND C_NhaCungCap.deleted=0 where c_sanpham.deleted=0 ORDER BY c_sanpham.date_entered DESC LIMIT 0,21: MySQL error 1054: Unknown column 'c_sanpham.sanpham_id' in 'on clause'
05/07/23 21:10:44 [5052][1][FATAL]  Query Failed:  SELECT  c_sanpham.id , c_sanpham.name , c_sanpham.masp , c_sanpham.gia  , C_NhaCungCap.name nhacc_name , C_NhaCungCap.assigned_user_id nhacc_name_owner  , 'C_NhaCungCap' nhacc_name_mod, c_sanpham.assigned_user_id  FROM c_sanpham   LEFT JOIN  c_nhacungcap C_NhaCungCap ON c_sanpham.sanpham_id=C_NhaCungCap.id AND C_NhaCungCap.deleted=0

 AND C_NhaCungCap.deleted=0 where c_sanpham.deleted=0 ORDER BY c_sanpham.date_entered DESC LIMIT 0,21: MySQL error 1054: Unknown column 'c_sanpham.sanpham_id' in 'on clause'
05/07/23 21:11:13 [5052][1][FATAL] contact_link for contact_donhang failed to load

05/07/23 21:11:17 [5052][1][FATAL] contact_link for contact_donhang failed to load

05/07/23 21:11:24 [5052][1][FATAL]  Query Failed:  SELECT  c_sanpham.id , c_sanpham.name , c_sanpham.masp , c_sanpham.gia  , C_NhaCungCap.name nhacc_name , C_NhaCungCap.assigned_user_id nhacc_name_owner  , 'C_NhaCungCap' nhacc_name_mod, c_sanpham.assigned_user_id  FROM c_sanpham   LEFT JOIN  c_nhacungcap C_NhaCungCap ON c_sanpham.sanpham_id=C_NhaCungCap.id AND C_NhaCungCap.deleted=0

 AND C_NhaCungCap.deleted=0 where c_sanpham.deleted=0 ORDER BY c_sanpham.date_entered DESC LIMIT 0,21: MySQL error 1054: Unknown column 'c_sanpham.sanpham_id' in 'on clause'
05/07/23 21:12:34 [5052][1][FATAL]  Query Failed:  SELECT  c_sanpham.id , c_sanpham.name , c_sanpham.masp , c_sanpham.gia  , C_NhaCungCap.name nhacc_name , C_NhaCungCap.assigned_user_id nhacc_name_owner  , 'C_NhaCungCap' nhacc_name_mod, c_sanpham.assigned_user_id  FROM c_sanpham   LEFT JOIN  c_nhacungcap C_NhaCungCap ON c_sanpham.sanpham_id=C_NhaCungCap.id AND C_NhaCungCap.deleted=0

 AND C_NhaCungCap.deleted=0 where c_sanpham.deleted=0 ORDER BY c_sanpham.date_entered DESC LIMIT 0,21: MySQL error 1054: Unknown column 'c_sanpham.sanpham_id' in 'on clause'
05/07/23 21:13:23 [5052][1][FATAL]  Query Failed:  SELECT  c_sanpham.id , c_sanpham.name , c_sanpham.masp , c_sanpham.gia  , C_NhaCungCap.name nhacc_name , C_NhaCungCap.assigned_user_id nhacc_name_owner  , 'C_NhaCungCap' nhacc_name_mod, c_sanpham.assigned_user_id  FROM c_sanpham   LEFT JOIN  c_nhacungcap C_NhaCungCap ON c_sanpham.sanpham_id=C_NhaCungCap.id AND C_NhaCungCap.deleted=0

 AND C_NhaCungCap.deleted=0 where c_sanpham.deleted=0 ORDER BY c_sanpham.date_entered DESC LIMIT 0,21: MySQL error 1054: Unknown column 'c_sanpham.sanpham_id' in 'on clause'
05/07/23 21:13:43 [5052][1][FATAL]  Query Failed:  SELECT  c_sanpham.id , c_sanpham.name , c_sanpham.masp , c_sanpham.gia  , C_NhaCungCap.name nhacc_name , C_NhaCungCap.assigned_user_id nhacc_name_owner  , 'C_NhaCungCap' nhacc_name_mod, c_sanpham.assigned_user_id  FROM c_sanpham   LEFT JOIN  c_nhacungcap C_NhaCungCap ON c_sanpham.sanpham_id=C_NhaCungCap.id AND C_NhaCungCap.deleted=0

 AND C_NhaCungCap.deleted=0 where c_sanpham.deleted=0 ORDER BY c_sanpham.date_entered DESC LIMIT 0,21: MySQL error 1054: Unknown column 'c_sanpham.sanpham_id' in 'on clause'
05/07/23 21:15:17 [5052][1][FATAL]  Query Failed:  SELECT  c_sanpham.id , c_sanpham.name , c_sanpham.masp , c_sanpham.gia  , C_NhaCungCap.name nhacc_name , C_NhaCungCap.assigned_user_id nhacc_name_owner  , 'C_NhaCungCap' nhacc_name_mod, c_sanpham.assigned_user_id  FROM c_sanpham   LEFT JOIN  c_nhacungcap C_NhaCungCap ON c_sanpham.sanpham_id=C_NhaCungCap.id AND C_NhaCungCap.deleted=0

 AND C_NhaCungCap.deleted=0 where c_sanpham.deleted=0 ORDER BY c_sanpham.date_entered DESC LIMIT 0,21: MySQL error 1054: Unknown column 'c_sanpham.sanpham_id' in 'on clause'
05/07/23 21:15:32 [5052][1][FATAL] contact_link for contact_donhang failed to load

05/07/23 21:17:50 [5052][1][FATAL]  Query Failed:  SELECT  c_sanpham.id , c_sanpham.name , c_sanpham.masp , c_sanpham.gia  , C_NhaCungCap.name nhacc_name , C_NhaCungCap.assigned_user_id nhacc_name_owner  , 'C_NhaCungCap' nhacc_name_mod, c_sanpham.assigned_user_id  FROM c_sanpham   LEFT JOIN  c_nhacungcap C_NhaCungCap ON c_sanpham.sanpham_id=C_NhaCungCap.id AND C_NhaCungCap.deleted=0

 AND C_NhaCungCap.deleted=0 where c_sanpham.deleted=0 ORDER BY c_sanpham.date_entered DESC LIMIT 0,21: MySQL error 1054: Unknown column 'c_sanpham.sanpham_id' in 'on clause'
05/07/23 21:19:28 [5052][1][FATAL] contact_link for contact_donhang failed to load

05/07/23 21:19:28 [5052][1][FATAL] contact_link for contact_donhang failed to load

05/07/23 21:19:28 [5052][1][FATAL] contact_link for contact_donhang failed to load

05/07/23 21:19:28 [5052][1][FATAL] contact_link for contact_donhang failed to load

05/07/23 21:19:28 [5052][1][FATAL] contact_link for contact_donhang failed to load

05/07/23 21:19:28 [5052][1][FATAL] contact_link for contact_donhang failed to load

05/07/23 21:19:28 [5052][1][FATAL] contact_link for contact_donhang failed to load

05/07/23 21:19:28 [5052][1][FATAL] contact_link for contact_donhang failed to load

05/07/23 21:19:28 [5052][1][FATAL] contact_link for contact_donhang failed to load

05/07/23 21:19:33 [5052][1][FATAL] contact_link for contact_donhang failed to load

05/07/23 21:19:39 [5052][1][FATAL] contact_link for contact_donhang failed to load

05/07/23 21:19:44 [5052][1][FATAL] contact_link for contact_donhang failed to load

05/07/23 21:19:44 [5052][1][FATAL] error loading relationship contact_link
05/07/23 21:19:44 [5052][1][FATAL] contact_link for contact_donhang failed to load

05/07/23 21:19:44 [5052][1][FATAL] error loading relationship contact_link
05/07/23 21:19:44 [5052][1][FATAL] contact_link for contact_donhang failed to load

05/07/23 21:19:44 [5052][1][FATAL] contact_link for contact_donhang failed to load

05/07/23 21:19:44 [5052][1][FATAL] error loading relationship contact_link
05/07/23 21:19:44 [5052][1][FATAL] contact_link for contact_donhang failed to load

05/07/23 21:19:44 [5052][1][FATAL] error loading relationship contact_link
05/07/23 21:19:44 [5052][1][FATAL] contact_link for contact_donhang failed to load

05/07/23 21:19:44 [5052][1][FATAL] error loading relationship contact_link
05/07/23 21:19:44 [5052][1][FATAL] contact_link for contact_donhang failed to load

05/07/23 21:19:44 [5052][1][FATAL] contact_link for contact_donhang failed to load

05/07/23 21:19:44 [5052][1][FATAL] error loading relationship contact_link
05/07/23 21:19:44 [5052][1][FATAL] contact_link for contact_donhang failed to load

05/07/23 21:19:44 [5052][1][FATAL] error loading relationship contact_link
05/07/23 21:19:44 [5052][1][FATAL] contact_link for contact_donhang failed to load

05/07/23 21:19:44 [5052][1][FATAL] error loading relationship contact_link
05/07/23 21:19:44 [5052][1][FATAL] contact_link for contact_donhang failed to load

05/07/23 21:19:44 [5052][1][FATAL] error loading relationship contact_link
05/07/23 21:19:44 [5052][1][FATAL] contact_link for contact_donhang failed to load

05/07/23 21:19:44 [5052][1][FATAL] contact_link for contact_donhang failed to load

05/07/23 21:19:44 [5052][1][FATAL] error loading relationship contact_link
05/07/23 21:19:44 [5052][1][FATAL] contact_link for contact_donhang failed to load

05/07/23 21:19:44 [5052][1][FATAL] error loading relationship contact_link
05/07/23 21:19:44 [5052][1][FATAL] contact_link for contact_donhang failed to load

05/07/23 21:19:44 [5052][1][FATAL] error loading relationship contact_link
05/07/23 21:19:44 [5052][1][FATAL] contact_link for contact_donhang failed to load

05/07/23 21:19:44 [5052][1][FATAL] error loading relationship contact_link
05/07/23 21:19:44 [5052][1][FATAL] contact_link for contact_donhang failed to load

05/07/23 21:19:44 [5052][1][FATAL] error loading relationship contact_link
05/07/23 21:19:44 [5052][1][FATAL] contact_link for contact_donhang failed to load

05/07/23 21:19:44 [5052][1][FATAL] contact_link for contact_donhang failed to load

05/07/23 21:19:44 [5052][1][FATAL] error loading relationship contact_link
05/07/23 21:19:44 [5052][1][FATAL] contact_link for contact_donhang failed to load

05/07/23 21:19:44 [5052][1][FATAL] contact_link for contact_donhang failed to load

05/07/23 21:19:44 [5052][1][FATAL] error loading relationship contact_link
05/07/23 21:19:44 [5052][1][FATAL] contact_link for contact_donhang failed to load

05/07/23 21:19:44 [5052][1][FATAL] contact_link for contact_donhang failed to load

05/07/23 21:19:44 [5052][1][FATAL] error loading relationship contact_link
05/07/23 21:19:44 [5052][1][FATAL] contact_link for contact_donhang failed to load

05/07/23 21:19:44 [5052][1][FATAL] error loading relationship contact_link
05/07/23 21:19:44 [5052][1][FATAL] contact_link for contact_donhang failed to load

05/07/23 21:19:48 [5052][1][FATAL]  Query Failed:  SELECT  c_sanpham.id , c_sanpham.name , c_sanpham.masp , c_sanpham.gia  , C_NhaCungCap.name nhacc_name , C_NhaCungCap.assigned_user_id nhacc_name_owner  , 'C_NhaCungCap' nhacc_name_mod, c_sanpham.assigned_user_id  FROM c_sanpham   LEFT JOIN  c_nhacungcap C_NhaCungCap ON c_sanpham.sanpham_id=C_NhaCungCap.id AND C_NhaCungCap.deleted=0

 AND C_NhaCungCap.deleted=0 where c_sanpham.deleted=0 ORDER BY c_sanpham.date_entered DESC LIMIT 0,21: MySQL error 1054: Unknown column 'c_sanpham.sanpham_id' in 'on clause'
05/07/23 21:25:19 [5052][1][FATAL]  Query Failed:  SELECT  c_sanpham.id , c_sanpham.name , c_sanpham.masp , c_sanpham.gia  , C_NhaCungCap.name nhacc_name , C_NhaCungCap.assigned_user_id nhacc_name_owner  , 'C_NhaCungCap' nhacc_name_mod, c_sanpham.assigned_user_id  FROM c_sanpham   LEFT JOIN  c_nhacungcap C_NhaCungCap ON c_sanpham.sanpham_id=C_NhaCungCap.id AND C_NhaCungCap.deleted=0

 AND C_NhaCungCap.deleted=0 where c_sanpham.deleted=0 ORDER BY c_sanpham.date_entered DESC LIMIT 0,21: MySQL error 1054: Unknown column 'c_sanpham.sanpham_id' in 'on clause'
05/07/23 21:29:04 [5052][1][FATAL] contact_link for contact_donhang failed to load

05/07/23 21:30:48 [5052][1][FATAL] contact_link for contact_donhang failed to load

05/07/23 21:43:54 [5052][1][FATAL]  Query Failed:  SELECT  c_sanpham.id , c_sanpham.name , c_sanpham.masp , c_sanpham.gia  , C_NhaCungCap.name nhacc_name , C_NhaCungCap.assigned_user_id nhacc_name_owner  , 'C_NhaCungCap' nhacc_name_mod, c_sanpham.assigned_user_id  FROM c_sanpham   LEFT JOIN  c_nhacungcap C_NhaCungCap ON c_sanpham.sanpham_id=C_NhaCungCap.id AND C_NhaCungCap.deleted=0

 AND C_NhaCungCap.deleted=0 where c_sanpham.deleted=0 ORDER BY c_sanpham.date_entered DESC LIMIT 0,21: MySQL error 1054: Unknown column 'c_sanpham.sanpham_id' in 'on clause'
05/07/23 21:44:37 [5052][1][FATAL]  Query Failed:  SELECT  c_sanpham.id , c_sanpham.name  , C_NhaCungCap.name nhacc_name , C_NhaCungCap.assigned_user_id nhacc_name_owner  , 'C_NhaCungCap' nhacc_name_mod, c_sanpham.masp , c_sanpham.gia , c_sanpham.assigned_user_id  FROM c_sanpham   LEFT JOIN  c_nhacungcap C_NhaCungCap ON c_sanpham.sanpham_id=C_NhaCungCap.id AND C_NhaCungCap.deleted=0

 AND C_NhaCungCap.deleted=0 where c_sanpham.deleted=0 ORDER BY c_sanpham.date_entered DESC LIMIT 0,21: MySQL error 1054: Unknown column 'c_sanpham.sanpham_id' in 'on clause'
05/07/23 21:47:25 [5052][1][FATAL]  Query Failed:  SELECT  c_sanpham.id , c_sanpham.name  , C_NhaCungCap.name nhacc_name , C_NhaCungCap.assigned_user_id nhacc_name_owner  , 'C_NhaCungCap' nhacc_name_mod, c_sanpham.masp , c_sanpham.gia , c_sanpham.assigned_user_id  FROM c_sanpham   LEFT JOIN  c_nhacungcap C_NhaCungCap ON c_sanpham.sanpham_id=C_NhaCungCap.id AND C_NhaCungCap.deleted=0

 AND C_NhaCungCap.deleted=0 where c_sanpham.deleted=0 ORDER BY c_sanpham.date_entered DESC LIMIT 0,21: MySQL error 1054: Unknown column 'c_sanpham.sanpham_id' in 'on clause'
05/07/23 21:54:17 [5052][1][FATAL] contact_link for contact_donhang failed to load

05/07/23 21:56:03 [5052][1][FATAL] contact_link for contact_donhang failed to load

05/07/23 21:57:56 [5052][1][FATAL] contact_link for contact_donhang failed to load

05/07/23 22:16:18 [5052][1][FATAL] contact_link for contact_donhang failed to load

05/07/23 23:42:27 [5052][1][FATAL] contact_link for contact_donhang failed to load

05/08/23 12:32:00 [5052][1][FATAL] contact_link for contact_donhang failed to load

05/08/23 12:32:07 [5052][1][FATAL] contact_link for contact_donhang failed to load

05/08/23 12:32:28 [5052][1][FATAL] contact_link for contact_donhang failed to load

05/09/23 10:47:00 [8384][1][FATAL] contact_link for contact_donhang failed to load

05/09/23 11:16:32 [8384][1][FATAL] contact_link for contact_donhang failed to load

05/09/23 11:18:08 [8384][1][FATAL] contact_link for contact_donhang failed to load

05/09/23 11:19:04 [8384][1][FATAL] contact_link for contact_donhang failed to load

05/09/23 11:23:17 [8384][1][FATAL] contact_link for contact_donhang failed to load

05/09/23 11:23:39 [8384][1][FATAL] contact_link for contact_donhang failed to load

05/09/23 11:23:45 [8384][1][FATAL] contact_link for contact_donhang failed to load

05/09/23 11:23:45 [8384][1][FATAL] error loading relationship contact_link
05/09/23 11:23:45 [8384][1][FATAL] contact_link for contact_donhang failed to load

05/09/23 11:23:45 [8384][1][FATAL] error loading relationship contact_link
05/09/23 11:23:45 [8384][1][FATAL] contact_link for contact_donhang failed to load

05/09/23 11:23:45 [8384][1][FATAL] error loading relationship contact_link
05/09/23 11:23:45 [8384][1][FATAL] contact_link for contact_donhang failed to load

05/09/23 11:23:45 [8384][1][FATAL] error loading relationship contact_link
05/09/23 11:23:45 [8384][1][FATAL] contact_link for contact_donhang failed to load

05/09/23 11:23:45 [8384][1][FATAL] error loading relationship contact_link
05/09/23 11:23:46 [8384][1][FATAL] contact_link for contact_donhang failed to load

05/09/23 11:34:43 [8384][1][FATAL] contact_link for contact_donhang failed to load

05/09/23 14:23:30 [8384][1][FATAL] contact_link for contact_donhang failed to load

05/09/23 14:23:43 [8384][1][FATAL] contact_link for contact_donhang failed to load

05/09/23 14:23:48 [8384][1][FATAL] contact_link for contact_donhang failed to load

05/09/23 14:23:48 [8384][1][FATAL] error loading relationship contact_link
05/09/23 14:23:48 [8384][1][FATAL] contact_link for contact_donhang failed to load

05/09/23 14:23:48 [8384][1][FATAL] error loading relationship contact_link
05/09/23 14:23:48 [8384][1][FATAL] contact_link for contact_donhang failed to load

05/09/23 14:24:46 [8384][1][FATAL] contact_link for contact_donhang failed to load

05/09/23 14:36:29 [8384][1][FATAL] contact_link for contact_donhang failed to load

05/09/23 14:48:18 [8384][1][FATAL] contact_link for contact_donhang failed to load

05/09/23 14:49:05 [8384][1][FATAL] contact_link for contact_donhang failed to load

05/09/23 14:50:35 [8384][1][FATAL] contact_link for contact_donhang failed to load

05/09/23 14:51:00 [8384][1][FATAL] contact_link for contact_donhang failed to load

05/09/23 14:54:01 [8384][1][FATAL] contact_link for contact_donhang failed to load

05/09/23 14:55:43 [8384][1][FATAL] contact_link for contact_donhang failed to load

